
*** Running vivado
    with args -log top_module_FIFO.vds -m64 -product Vivado -mode batch -messageDb vivado.pb -notrace -source top_module_FIFO.tcl


****** Vivado v2019.1 (64-bit)
  **** SW Build 2552052 on Fri May 24 14:47:09 MDT 2019
  **** IP Build 2548770 on Fri May 24 18:01:18 MDT 2019
    ** Copyright 1986-2019 Xilinx, Inc. All Rights Reserved.

source top_module_FIFO.tcl -notrace
Command: synth_design -top top_module_FIFO -part xc7a200tsbg484-3
Starting synth_design
Attempting to get a license for feature 'Synthesis' and/or device 'xc7a200t'
INFO: [Common 17-349] Got license for feature 'Synthesis' and/or device 'xc7a200t'
INFO: Launching helper process for spawning children vivado processes
INFO: Helper process launched with PID 29211 
---------------------------------------------------------------------------------
Starting Synthesize : Time (s): cpu = 00:00:04 ; elapsed = 00:00:07 . Memory (MB): peak = 1573.625 ; gain = 138.613 ; free physical = 5616 ; free virtual = 89797
---------------------------------------------------------------------------------
INFO: [Synth 8-6157] synthesizing module 'top_module_FIFO' [/home/staj2/Documents/MetehanAkilli_Verilog_Projects/FIFO_Advanced/top_module_FIFO.v:12]
	Parameter DATA_WIDTH bound to: 8'b00001000 
	Parameter ADDR_WIDTH bound to: 5'b00101 
	Parameter SHIFT_REG bound to: 20 - type: integer 
	Parameter SUFFICIENT_NUMBER_OF_ONES bound to: 12 - type: integer 
	Parameter ONES_COUNT_BIT bound to: 5 - type: integer 
INFO: [Synth 8-6157] synthesizing module 'clock_divider' [/home/staj2/Documents/MetehanAkilli_Verilog_Projects/FIFO_Advanced/clock_divider.v:10]
	Parameter DIVIDE_RATE bound to: 100 - type: integer 
	Parameter N_BIT bound to: 8 - type: integer 
INFO: [Synth 8-6155] done synthesizing module 'clock_divider' (1#1) [/home/staj2/Documents/MetehanAkilli_Verilog_Projects/FIFO_Advanced/clock_divider.v:10]
INFO: [Synth 8-6157] synthesizing module 'edge_detector' [/home/staj2/Documents/MetehanAkilli_Verilog_Projects/FIFO_Advanced/edge_detector.v:11]
INFO: [Synth 8-6155] done synthesizing module 'edge_detector' (2#1) [/home/staj2/Documents/MetehanAkilli_Verilog_Projects/FIFO_Advanced/edge_detector.v:11]
INFO: [Synth 8-6157] synthesizing module 'debouncer' [/home/staj2/Documents/MetehanAkilli_Verilog_Projects/FIFO_Advanced/debouncer.v:16]
	Parameter SHIFT_REG bound to: 20 - type: integer 
	Parameter SUFFICIENT_NUMBER_OF_ONES bound to: 12 - type: integer 
	Parameter ONES_COUNT_BIT bound to: 5 - type: integer 
INFO: [Synth 8-6155] done synthesizing module 'debouncer' (3#1) [/home/staj2/Documents/MetehanAkilli_Verilog_Projects/FIFO_Advanced/debouncer.v:16]
INFO: [Synth 8-6157] synthesizing module 'bin2gray' [/home/staj2/Documents/MetehanAkilli_Verilog_Projects/FIFO_Advanced/bin2gray.v:12]
	Parameter DATA_WIDTH bound to: 8'b00001000 
INFO: [Synth 8-6155] done synthesizing module 'bin2gray' (4#1) [/home/staj2/Documents/MetehanAkilli_Verilog_Projects/FIFO_Advanced/bin2gray.v:12]
INFO: [Synth 8-6157] synthesizing module 'synchronizer' [/home/staj2/Documents/MetehanAkilli_Verilog_Projects/FIFO_Advanced/synchronizer.v:10]
	Parameter DATA_WIDTH bound to: 8'b00001000 
INFO: [Synth 8-6155] done synthesizing module 'synchronizer' (5#1) [/home/staj2/Documents/MetehanAkilli_Verilog_Projects/FIFO_Advanced/synchronizer.v:10]
INFO: [Synth 8-6157] synthesizing module 'gray2bin' [/home/staj2/Documents/MetehanAkilli_Verilog_Projects/FIFO_Advanced/gray2bin.v:12]
	Parameter DATA_WIDTH bound to: 8'b00001000 
INFO: [Synth 8-6155] done synthesizing module 'gray2bin' (6#1) [/home/staj2/Documents/MetehanAkilli_Verilog_Projects/FIFO_Advanced/gray2bin.v:12]
INFO: [Synth 8-6157] synthesizing module 'clock_divider__parameterized0' [/home/staj2/Documents/MetehanAkilli_Verilog_Projects/FIFO_Advanced/clock_divider.v:10]
	Parameter DIVIDE_RATE bound to: 20 - type: integer 
	Parameter N_BIT bound to: 8 - type: integer 
INFO: [Synth 8-6155] done synthesizing module 'clock_divider__parameterized0' (6#1) [/home/staj2/Documents/MetehanAkilli_Verilog_Projects/FIFO_Advanced/clock_divider.v:10]
INFO: [Synth 8-6157] synthesizing module 'read_controller' [/home/staj2/Documents/MetehanAkilli_Verilog_Projects/FIFO_Advanced/read_controller.v:11]
INFO: [Synth 8-6155] done synthesizing module 'read_controller' (7#1) [/home/staj2/Documents/MetehanAkilli_Verilog_Projects/FIFO_Advanced/read_controller.v:11]
INFO: [Synth 8-6157] synthesizing module 'write_pntr_handler' [/home/staj2/Documents/MetehanAkilli_Verilog_Projects/FIFO_Advanced/write_pntr_handler.v:10]
	Parameter DATA_WIDTH bound to: 8'b00001000 
INFO: [Synth 8-6155] done synthesizing module 'write_pntr_handler' (8#1) [/home/staj2/Documents/MetehanAkilli_Verilog_Projects/FIFO_Advanced/write_pntr_handler.v:10]
INFO: [Synth 8-6157] synthesizing module 'read_pntr_handler' [/home/staj2/Documents/MetehanAkilli_Verilog_Projects/FIFO_Advanced/read_pntr_handler.v:10]
	Parameter DATA_WIDTH bound to: 8'b00001000 
INFO: [Synth 8-6155] done synthesizing module 'read_pntr_handler' (9#1) [/home/staj2/Documents/MetehanAkilli_Verilog_Projects/FIFO_Advanced/read_pntr_handler.v:10]
INFO: [Synth 8-6157] synthesizing module 'FIFO_memory' [/home/staj2/Documents/MetehanAkilli_Verilog_Projects/FIFO_Advanced/FIFO_memory.v:11]
	Parameter DATA_WIDTH bound to: 8'b00001000 
	Parameter ADDR_WIDTH bound to: 5'b00101 
INFO: [Synth 8-6155] done synthesizing module 'FIFO_memory' (10#1) [/home/staj2/Documents/MetehanAkilli_Verilog_Projects/FIFO_Advanced/FIFO_memory.v:11]
INFO: [Synth 8-6157] synthesizing module 'lut_rom' [/home/staj2/Documents/MetehanAkilli_Verilog_Projects/FIFO_Advanced/lut_rom.v:11]
	Parameter DATA_WIDTH bound to: 8'b00001000 
	Parameter ROM_DEPTH bound to: 7'b0000111 
	Parameter ADDR_WIDTH bound to: 5'b00101 
CRITICAL WARNING: [Synth 8-4445] could not open $readmem data file 'rom_data.mem'; please make sure the file is added to project and has read permission, ignoring [/home/staj2/Documents/MetehanAkilli_Verilog_Projects/FIFO_Advanced/lut_rom.v:25]

Warning: Trying to implement RAM in registers. Block RAM or DRAM implementation is not possible for one or more of the following reasons :
	1: Unable to determine number of words or word size in RAM. 
	2: No valid read/write found for RAM. 
RAM dissolved into registers
WARNING: [Synth 8-3848] Net rom_mem in module/entity lut_rom does not have driver. [/home/staj2/Documents/MetehanAkilli_Verilog_Projects/FIFO_Advanced/lut_rom.v:21]
WARNING: [Synth 8-3848] Net rom_mem in module/entity lut_rom does not have driver. [/home/staj2/Documents/MetehanAkilli_Verilog_Projects/FIFO_Advanced/lut_rom.v:21]
WARNING: [Synth 8-3848] Net rom_mem in module/entity lut_rom does not have driver. [/home/staj2/Documents/MetehanAkilli_Verilog_Projects/FIFO_Advanced/lut_rom.v:21]
WARNING: [Synth 8-3848] Net rom_mem in module/entity lut_rom does not have driver. [/home/staj2/Documents/MetehanAkilli_Verilog_Projects/FIFO_Advanced/lut_rom.v:21]
WARNING: [Synth 8-3848] Net rom_mem in module/entity lut_rom does not have driver. [/home/staj2/Documents/MetehanAkilli_Verilog_Projects/FIFO_Advanced/lut_rom.v:21]
WARNING: [Synth 8-3848] Net rom_mem in module/entity lut_rom does not have driver. [/home/staj2/Documents/MetehanAkilli_Verilog_Projects/FIFO_Advanced/lut_rom.v:21]
WARNING: [Synth 8-3848] Net rom_mem in module/entity lut_rom does not have driver. [/home/staj2/Documents/MetehanAkilli_Verilog_Projects/FIFO_Advanced/lut_rom.v:21]
INFO: [Synth 8-6155] done synthesizing module 'lut_rom' (11#1) [/home/staj2/Documents/MetehanAkilli_Verilog_Projects/FIFO_Advanced/lut_rom.v:11]
WARNING: [Synth 8-6104] Input port 'wdata' has an internal driver [/home/staj2/Documents/MetehanAkilli_Verilog_Projects/FIFO_Advanced/top_module_FIFO.v:216]
INFO: [Synth 8-6157] synthesizing module 'fifo_fsm' [/home/staj2/Documents/MetehanAkilli_Verilog_Projects/FIFO_Advanced/fifo_fsm.v:11]
	Parameter IDLE bound to: 1'b0 
	Parameter WRITE bound to: 1'b1 
INFO: [Synth 8-226] default block is never used [/home/staj2/Documents/MetehanAkilli_Verilog_Projects/FIFO_Advanced/fifo_fsm.v:35]
INFO: [Synth 8-6155] done synthesizing module 'fifo_fsm' (12#1) [/home/staj2/Documents/MetehanAkilli_Verilog_Projects/FIFO_Advanced/fifo_fsm.v:11]
WARNING: [Synth 8-3848] Net wbtn_in in module/entity top_module_FIFO does not have driver. [/home/staj2/Documents/MetehanAkilli_Verilog_Projects/FIFO_Advanced/top_module_FIFO.v:81]
WARNING: [Synth 8-3848] Net rbtn_in in module/entity top_module_FIFO does not have driver. [/home/staj2/Documents/MetehanAkilli_Verilog_Projects/FIFO_Advanced/top_module_FIFO.v:143]
INFO: [Synth 8-6155] done synthesizing module 'top_module_FIFO' (13#1) [/home/staj2/Documents/MetehanAkilli_Verilog_Projects/FIFO_Advanced/top_module_FIFO.v:12]
---------------------------------------------------------------------------------
Finished Synthesize : Time (s): cpu = 00:00:05 ; elapsed = 00:00:10 . Memory (MB): peak = 1626.387 ; gain = 191.375 ; free physical = 5644 ; free virtual = 89825
---------------------------------------------------------------------------------
---------------------------------------------------------------------------------
Finished Constraint Validation : Time (s): cpu = 00:00:06 ; elapsed = 00:00:10 . Memory (MB): peak = 1632.316 ; gain = 197.305 ; free physical = 5641 ; free virtual = 89822
---------------------------------------------------------------------------------
---------------------------------------------------------------------------------
Start Loading Part and Timing Information
---------------------------------------------------------------------------------
Loading part: xc7a200tsbg484-3
INFO: [Device 21-403] Loading part xc7a200tsbg484-3
---------------------------------------------------------------------------------
Finished Loading Part and Timing Information : Time (s): cpu = 00:00:06 ; elapsed = 00:00:10 . Memory (MB): peak = 1640.324 ; gain = 205.312 ; free physical = 5640 ; free virtual = 89822
---------------------------------------------------------------------------------
INFO: [Synth 8-4471] merging register 'addr_en_reg' into 'winc_reg' [/home/staj2/Documents/MetehanAkilli_Verilog_Projects/FIFO_Advanced/fifo_fsm.v:31]
---------------------------------------------------------------------------------
Finished RTL Optimization Phase 2 : Time (s): cpu = 00:00:06 ; elapsed = 00:00:11 . Memory (MB): peak = 1652.238 ; gain = 217.227 ; free physical = 5607 ; free virtual = 89789
---------------------------------------------------------------------------------

Report RTL Partitions: 
+-+--------------+------------+----------+
| |RTL Partition |Replication |Instances |
+-+--------------+------------+----------+
+-+--------------+------------+----------+
No constraint files found.
---------------------------------------------------------------------------------
Start RTL Component Statistics 
---------------------------------------------------------------------------------
Detailed RTL Component Info : 
+---Adders : 
	   2 Input     10 Bit       Adders := 2     
	   2 Input      9 Bit       Adders := 2     
	   2 Input      8 Bit       Adders := 5     
	   3 Input      8 Bit       Adders := 1     
	   2 Input      5 Bit       Adders := 3     
+---XORs : 
	   2 Input      9 Bit         XORs := 2     
	   2 Input      1 Bit         XORs := 17    
+---Registers : 
	               20 Bit    Registers := 2     
	                9 Bit    Registers := 4     
	                8 Bit    Registers := 6     
	                5 Bit    Registers := 1     
	                1 Bit    Registers := 14    
+---RAMs : 
	              256 Bit         RAMs := 1     
+---Muxes : 
	   2 Input      8 Bit        Muxes := 4     
	  21 Input      5 Bit        Muxes := 2     
	   2 Input      1 Bit        Muxes := 3     
---------------------------------------------------------------------------------
Finished RTL Component Statistics 
---------------------------------------------------------------------------------
---------------------------------------------------------------------------------
Start RTL Hierarchical Component Statistics 
---------------------------------------------------------------------------------
Hierarchical RTL Component report 
Module top_module_FIFO 
Detailed RTL Component Info : 
+---Muxes : 
	   2 Input      8 Bit        Muxes := 2     
Module clock_divider 
Detailed RTL Component Info : 
+---Adders : 
	   2 Input      8 Bit       Adders := 1     
+---Registers : 
	                8 Bit    Registers := 1     
	                1 Bit    Registers := 1     
+---Muxes : 
	   2 Input      8 Bit        Muxes := 1     
Module edge_detector 
Detailed RTL Component Info : 
+---Registers : 
	                1 Bit    Registers := 1     
Module debouncer 
Detailed RTL Component Info : 
+---Adders : 
	   2 Input      5 Bit       Adders := 1     
+---Registers : 
	               20 Bit    Registers := 1     
	                1 Bit    Registers := 3     
+---Muxes : 
	  21 Input      5 Bit        Muxes := 1     
Module bin2gray 
Detailed RTL Component Info : 
+---XORs : 
	   2 Input      9 Bit         XORs := 1     
Module synchronizer 
Detailed RTL Component Info : 
+---Registers : 
	                9 Bit    Registers := 1     
Module gray2bin 
Detailed RTL Component Info : 
+---XORs : 
	   2 Input      1 Bit         XORs := 8     
Module clock_divider__parameterized0 
Detailed RTL Component Info : 
+---Adders : 
	   2 Input      8 Bit       Adders := 1     
+---Registers : 
	                8 Bit    Registers := 1     
	                1 Bit    Registers := 1     
+---Muxes : 
	   2 Input      8 Bit        Muxes := 1     
Module read_controller 
Detailed RTL Component Info : 
+---Registers : 
	                1 Bit    Registers := 1     
Module write_pntr_handler 
Detailed RTL Component Info : 
+---Adders : 
	   2 Input      9 Bit       Adders := 1     
	   3 Input      8 Bit       Adders := 1     
+---Registers : 
	                9 Bit    Registers := 1     
Module read_pntr_handler 
Detailed RTL Component Info : 
+---Adders : 
	   2 Input     10 Bit       Adders := 2     
	   2 Input      9 Bit       Adders := 1     
+---XORs : 
	   2 Input      1 Bit         XORs := 1     
+---Registers : 
	                9 Bit    Registers := 1     
Module FIFO_memory 
Detailed RTL Component Info : 
+---Adders : 
	   2 Input      8 Bit       Adders := 3     
+---Registers : 
	                8 Bit    Registers := 3     
+---RAMs : 
	              256 Bit         RAMs := 1     
Module lut_rom 
Detailed RTL Component Info : 
+---Adders : 
	   2 Input      5 Bit       Adders := 1     
+---Registers : 
	                8 Bit    Registers := 1     
	                5 Bit    Registers := 1     
Module fifo_fsm 
Detailed RTL Component Info : 
+---Registers : 
	                1 Bit    Registers := 3     
+---Muxes : 
	   2 Input      1 Bit        Muxes := 3     
---------------------------------------------------------------------------------
Finished RTL Hierarchical Component Statistics
---------------------------------------------------------------------------------
---------------------------------------------------------------------------------
Start Part Resource Summary
---------------------------------------------------------------------------------
Part Resources:
DSPs: 740 (col length:100)
BRAMs: 730 (col length: RAMB18 100 RAMB36 50)
---------------------------------------------------------------------------------
Finished Part Resource Summary
---------------------------------------------------------------------------------
No constraint files found.
---------------------------------------------------------------------------------
Start Cross Boundary and Area Optimization
---------------------------------------------------------------------------------
Warning: Parallel synthesis criteria is not met 
INFO: [Synth 8-3886] merging instance 'i_5/clock_divider_rclk_inst/counter_reg[4]' (FDC) to 'i_5/clock_divider_wclk_inst/counter_reg[7]'
INFO: [Synth 8-3886] merging instance 'i_5/clock_divider_rclk_inst/counter_reg[5]' (FDC) to 'i_5/clock_divider_wclk_inst/counter_reg[7]'
INFO: [Synth 8-3886] merging instance 'i_5/clock_divider_rclk_inst/counter_reg[6]' (FDC) to 'i_5/clock_divider_wclk_inst/counter_reg[7]'
INFO: [Synth 8-3886] merging instance 'i_5/clock_divider_rclk_inst/counter_reg[7]' (FDC) to 'i_5/clock_divider_wclk_inst/counter_reg[7]'
INFO: [Synth 8-3886] merging instance 'i_5/clock_divider_wclk_inst/counter_reg[6]' (FDC) to 'i_5/clock_divider_wclk_inst/counter_reg[7]'
INFO: [Synth 8-3333] propagating constant 0 across sequential element (i_5/\clock_divider_wclk_inst/counter_reg[7] )
---------------------------------------------------------------------------------
Finished Cross Boundary and Area Optimization : Time (s): cpu = 00:00:11 ; elapsed = 00:00:18 . Memory (MB): peak = 1818.312 ; gain = 383.301 ; free physical = 5400 ; free virtual = 89584
---------------------------------------------------------------------------------
---------------------------------------------------------------------------------
Start ROM, RAM, DSP and Shift Register Reporting
---------------------------------------------------------------------------------

Distributed RAM: Preliminary Mapping  Report (see note below)
+----------------+--------------------------+-----------+----------------------+--------------+
|Module Name     | RTL Object               | Inference | Size (Depth x Width) | Primitives   | 
+----------------+--------------------------+-----------+----------------------+--------------+
|top_module_FIFO | FIFO_memory_inst/ram_reg | Implied   | 32 x 8               | RAM32M x 2   | 
+----------------+--------------------------+-----------+----------------------+--------------+

Note: The table above is a preliminary report that shows the Distributed RAMs at the current stage of the synthesis flow. Some Distributed RAMs may be reimplemented as non Distributed RAM primitives later in the synthesis flow. Multiple instantiated RAMs are reported only once.
---------------------------------------------------------------------------------
Finished ROM, RAM, DSP and Shift Register Reporting
---------------------------------------------------------------------------------

Report RTL Partitions: 
+-+--------------+------------+----------+
| |RTL Partition |Replication |Instances |
+-+--------------+------------+----------+
+-+--------------+------------+----------+
No constraint files found.
---------------------------------------------------------------------------------
Start Timing Optimization
---------------------------------------------------------------------------------
---------------------------------------------------------------------------------
Finished Timing Optimization : Time (s): cpu = 00:00:12 ; elapsed = 00:00:19 . Memory (MB): peak = 1818.312 ; gain = 383.301 ; free physical = 5398 ; free virtual = 89582
---------------------------------------------------------------------------------
---------------------------------------------------------------------------------
Start ROM, RAM, DSP and Shift Register Reporting
---------------------------------------------------------------------------------

Distributed RAM: Final Mapping  Report
+----------------+--------------------------+-----------+----------------------+--------------+
|Module Name     | RTL Object               | Inference | Size (Depth x Width) | Primitives   | 
+----------------+--------------------------+-----------+----------------------+--------------+
|top_module_FIFO | FIFO_memory_inst/ram_reg | Implied   | 32 x 8               | RAM32M x 2   | 
+----------------+--------------------------+-----------+----------------------+--------------+

---------------------------------------------------------------------------------
Finished ROM, RAM, DSP and Shift Register Reporting
---------------------------------------------------------------------------------

Report RTL Partitions: 
+-+--------------+------------+----------+
| |RTL Partition |Replication |Instances |
+-+--------------+------------+----------+
+-+--------------+------------+----------+
---------------------------------------------------------------------------------
Start Technology Mapping
---------------------------------------------------------------------------------
INFO: [Synth 8-3886] merging instance 'FIFO_memory_inst/raddr_reg_rep[3]' (FDE) to 'FIFO_memory_inst/raddr_reg[3]'
INFO: [Synth 8-3886] merging instance 'FIFO_memory_inst/raddr_reg_rep[2]' (FDE) to 'FIFO_memory_inst/raddr_reg[2]'
INFO: [Synth 8-3886] merging instance 'FIFO_memory_inst/raddr_reg_rep[1]' (FDE) to 'FIFO_memory_inst/raddr_reg[1]'
INFO: [Synth 8-3886] merging instance 'FIFO_memory_inst/raddr_reg_rep[0]' (FDE) to 'FIFO_memory_inst/raddr_reg[0]'
INFO: [Synth 8-3886] merging instance 'FIFO_memory_inst/raddr_reg_rep[4]' (FDE) to 'FIFO_memory_inst/raddr_reg[4]'
INFO: [Synth 8-3333] propagating constant 0 across sequential element (\FIFO_memory_inst/waddr_reg[0] )
INFO: [Synth 8-3333] propagating constant 0 across sequential element (\FIFO_memory_inst/waddr_reg[1] )
INFO: [Synth 8-3333] propagating constant 0 across sequential element (\FIFO_memory_inst/waddr_reg[2] )
INFO: [Synth 8-3333] propagating constant 0 across sequential element (\FIFO_memory_inst/waddr_reg[3] )
INFO: [Synth 8-3333] propagating constant 0 across sequential element (\FIFO_memory_inst/waddr_reg[4] )
INFO: [Synth 8-3333] propagating constant 0 across sequential element (\FIFO_memory_inst/raddr_reg[0] )
INFO: [Synth 8-3333] propagating constant 0 across sequential element (\FIFO_memory_inst/raddr_reg[1] )
INFO: [Synth 8-3333] propagating constant 0 across sequential element (\FIFO_memory_inst/raddr_reg[2] )
INFO: [Synth 8-3333] propagating constant 0 across sequential element (\FIFO_memory_inst/raddr_reg[3] )
INFO: [Synth 8-3333] propagating constant 0 across sequential element (\FIFO_memory_inst/raddr_reg[4] )
INFO: [Synth 8-3333] propagating constant 0 across sequential element (\FIFO_memory_inst/rdata_reg[0] )
INFO: [Synth 8-3333] propagating constant 0 across sequential element (\FIFO_memory_inst/rdata_reg[1] )
INFO: [Synth 8-3333] propagating constant 0 across sequential element (\FIFO_memory_inst/rdata_reg[2] )
INFO: [Synth 8-3333] propagating constant 0 across sequential element (\FIFO_memory_inst/rdata_reg[3] )
INFO: [Synth 8-3333] propagating constant 0 across sequential element (\FIFO_memory_inst/rdata_reg[4] )
INFO: [Synth 8-3333] propagating constant 0 across sequential element (\FIFO_memory_inst/rdata_reg[5] )
INFO: [Synth 8-3333] propagating constant 0 across sequential element (\FIFO_memory_inst/rdata_reg[6] )
INFO: [Synth 8-3333] propagating constant 0 across sequential element (\FIFO_memory_inst/rdata_reg[7] )
INFO: [Synth 8-3333] propagating constant 0 across sequential element (\read_pntr_handler_inst_r/temp_cntr_reg[0] )
INFO: [Synth 8-3333] propagating constant 0 across sequential element (\read_pntr_handler_inst_r/temp_cntr_reg[1] )
INFO: [Synth 8-3333] propagating constant 0 across sequential element (\read_pntr_handler_inst_r/temp_cntr_reg[2] )
INFO: [Synth 8-3333] propagating constant 0 across sequential element (\read_pntr_handler_inst_r/temp_cntr_reg[3] )
INFO: [Synth 8-3333] propagating constant 0 across sequential element (\read_pntr_handler_inst_r/temp_cntr_reg[4] )
INFO: [Synth 8-3333] propagating constant 0 across sequential element (\read_pntr_handler_inst_r/temp_cntr_reg[5] )
INFO: [Synth 8-3333] propagating constant 0 across sequential element (\read_pntr_handler_inst_r/temp_cntr_reg[6] )
INFO: [Synth 8-3333] propagating constant 0 across sequential element (\read_pntr_handler_inst_r/temp_cntr_reg[7] )
INFO: [Synth 8-3333] propagating constant 0 across sequential element (\read_pntr_handler_inst_r/temp_cntr_reg[8] )
INFO: [Synth 8-3333] propagating constant 0 across sequential element (\write_pntr_handler_inst_w/temp_cntr_reg[8] )
INFO: [Synth 8-3333] propagating constant 0 across sequential element (\write_pntr_handler_inst_w/temp_cntr_reg[7] )
INFO: [Synth 8-3333] propagating constant 0 across sequential element (\write_pntr_handler_inst_w/temp_cntr_reg[6] )
INFO: [Synth 8-3333] propagating constant 0 across sequential element (\write_pntr_handler_inst_w/temp_cntr_reg[5] )
INFO: [Synth 8-3333] propagating constant 0 across sequential element (\write_pntr_handler_inst_w/temp_cntr_reg[2] )
INFO: [Synth 8-3333] propagating constant 0 across sequential element (\write_pntr_handler_inst_w/temp_cntr_reg[4] )
INFO: [Synth 8-3333] propagating constant 0 across sequential element (\write_pntr_handler_inst_w/temp_cntr_reg[3] )
INFO: [Synth 8-3333] propagating constant 0 across sequential element (\write_pntr_handler_inst_w/temp_cntr_reg[1] )
INFO: [Synth 8-3333] propagating constant 0 across sequential element (\write_pntr_handler_inst_w/temp_cntr_reg[0] )
---------------------------------------------------------------------------------
Finished Technology Mapping : Time (s): cpu = 00:00:12 ; elapsed = 00:00:19 . Memory (MB): peak = 1818.312 ; gain = 383.301 ; free physical = 5399 ; free virtual = 89582
---------------------------------------------------------------------------------

Report RTL Partitions: 
+-+--------------+------------+----------+
| |RTL Partition |Replication |Instances |
+-+--------------+------------+----------+
+-+--------------+------------+----------+
---------------------------------------------------------------------------------
Start IO Insertion
---------------------------------------------------------------------------------
---------------------------------------------------------------------------------
Start Flattening Before IO Insertion
---------------------------------------------------------------------------------
---------------------------------------------------------------------------------
Finished Flattening Before IO Insertion
---------------------------------------------------------------------------------
---------------------------------------------------------------------------------
Start Final Netlist Cleanup
---------------------------------------------------------------------------------
---------------------------------------------------------------------------------
Finished Final Netlist Cleanup
---------------------------------------------------------------------------------
---------------------------------------------------------------------------------
Finished IO Insertion : Time (s): cpu = 00:00:13 ; elapsed = 00:00:20 . Memory (MB): peak = 1818.312 ; gain = 383.301 ; free physical = 5400 ; free virtual = 89583
---------------------------------------------------------------------------------

Report Check Netlist: 
+------+------------------+-------+---------+-------+------------------+
|      |Item              |Errors |Warnings |Status |Description       |
+------+------------------+-------+---------+-------+------------------+
|1     |multi_driven_nets |      0|        0|Passed |Multi driven nets |
+------+------------------+-------+---------+-------+------------------+
---------------------------------------------------------------------------------
Start Renaming Generated Instances
---------------------------------------------------------------------------------
---------------------------------------------------------------------------------
Finished Renaming Generated Instances : Time (s): cpu = 00:00:13 ; elapsed = 00:00:20 . Memory (MB): peak = 1818.312 ; gain = 383.301 ; free physical = 5400 ; free virtual = 89583
---------------------------------------------------------------------------------

Report RTL Partitions: 
+-+--------------+------------+----------+
| |RTL Partition |Replication |Instances |
+-+--------------+------------+----------+
+-+--------------+------------+----------+
---------------------------------------------------------------------------------
Start Rebuilding User Hierarchy
---------------------------------------------------------------------------------
---------------------------------------------------------------------------------
Finished Rebuilding User Hierarchy : Time (s): cpu = 00:00:13 ; elapsed = 00:00:20 . Memory (MB): peak = 1818.312 ; gain = 383.301 ; free physical = 5400 ; free virtual = 89583
---------------------------------------------------------------------------------
---------------------------------------------------------------------------------
Start Renaming Generated Ports
---------------------------------------------------------------------------------
---------------------------------------------------------------------------------
Finished Renaming Generated Ports : Time (s): cpu = 00:00:13 ; elapsed = 00:00:20 . Memory (MB): peak = 1818.312 ; gain = 383.301 ; free physical = 5400 ; free virtual = 89583
---------------------------------------------------------------------------------
---------------------------------------------------------------------------------
Start Handling Custom Attributes
---------------------------------------------------------------------------------
---------------------------------------------------------------------------------
Finished Handling Custom Attributes : Time (s): cpu = 00:00:13 ; elapsed = 00:00:20 . Memory (MB): peak = 1818.312 ; gain = 383.301 ; free physical = 5400 ; free virtual = 89583
---------------------------------------------------------------------------------
---------------------------------------------------------------------------------
Start Renaming Generated Nets
---------------------------------------------------------------------------------
---------------------------------------------------------------------------------
Finished Renaming Generated Nets : Time (s): cpu = 00:00:13 ; elapsed = 00:00:20 . Memory (MB): peak = 1818.312 ; gain = 383.301 ; free physical = 5400 ; free virtual = 89583
---------------------------------------------------------------------------------
---------------------------------------------------------------------------------
Start Writing Synthesis Report
---------------------------------------------------------------------------------

Report BlackBoxes: 
+-+--------------+----------+
| |BlackBox name |Instances |
+-+--------------+----------+
+-+--------------+----------+

Report Cell Usage: 
+------+-------+------+
|      |Cell   |Count |
+------+-------+------+
|1     |CARRY4 |     5|
|2     |LUT3   |     1|
|3     |LUT4   |     1|
|4     |LUT6   |     1|
|5     |IBUF   |     8|
|6     |OBUF   |    72|
+------+-------+------+

Report Instance Areas: 
+------+---------------------------+------------------+------+
|      |Instance                   |Module            |Cells |
+------+---------------------------+------------------+------+
|1     |top                        |                  |    88|
|2     |  read_pntr_handler_inst_r |read_pntr_handler |     7|
+------+---------------------------+------------------+------+
---------------------------------------------------------------------------------
Finished Writing Synthesis Report : Time (s): cpu = 00:00:13 ; elapsed = 00:00:20 . Memory (MB): peak = 1818.312 ; gain = 383.301 ; free physical = 5400 ; free virtual = 89583
---------------------------------------------------------------------------------
Synthesis finished with 0 errors, 1 critical warnings and 10 warnings.
Synthesis Optimization Runtime : Time (s): cpu = 00:00:13 ; elapsed = 00:00:20 . Memory (MB): peak = 1818.312 ; gain = 383.301 ; free physical = 5401 ; free virtual = 89585
Synthesis Optimization Complete : Time (s): cpu = 00:00:13 ; elapsed = 00:00:20 . Memory (MB): peak = 1818.312 ; gain = 383.301 ; free physical = 5415 ; free virtual = 89599
INFO: [Project 1-571] Translating synthesized netlist
INFO: [Netlist 29-17] Analyzing 5 Unisim elements for replacement
INFO: [Netlist 29-28] Unisim Transformation completed in 0 CPU seconds
INFO: [Project 1-570] Preparing netlist for logic optimization
INFO: [Opt 31-138] Pushed 0 inverter(s) to 0 load pin(s).
Netlist sorting complete. Time (s): cpu = 00:00:00 ; elapsed = 00:00:00 . Memory (MB): peak = 1899.926 ; gain = 0.000 ; free physical = 5318 ; free virtual = 89501
INFO: [Project 1-111] Unisim Transformation Summary:
No Unisim elements were transformed.

INFO: [Common 17-83] Releasing license: Synthesis
86 Infos, 10 Warnings, 1 Critical Warnings and 0 Errors encountered.
synth_design completed successfully
synth_design: Time (s): cpu = 00:00:18 ; elapsed = 00:00:24 . Memory (MB): peak = 1899.926 ; gain = 465.016 ; free physical = 5417 ; free virtual = 89601
Netlist sorting complete. Time (s): cpu = 00:00:00.01 ; elapsed = 00:00:00 . Memory (MB): peak = 1899.926 ; gain = 0.000 ; free physical = 5417 ; free virtual = 89601
WARNING: [Constraints 18-5210] No constraints selected for write.
Resolution: This message can indicate that there are no constraints for the design, or it can indicate that the used_in flags are set such that the constraints are ignored. This later case is used when running synth_design to not write synthesis constraints to the resulting checkpoint. Instead, project constraints are read when the synthesized design is opened.
INFO: [Common 17-1381] The checkpoint '/home/staj2/Documents/MetehanAkilli_Verilog_Projects/FIFO_Advanced/Project_FIFO/Project_FIFO.runs/synth_1/top_module_FIFO.dcp' has been generated.
INFO: [runtcl-4] Executing : report_utilization -file top_module_FIFO_utilization_synth.rpt -pb top_module_FIFO_utilization_synth.pb
INFO: [Common 17-206] Exiting Vivado at Mon Jul 13 17:03:03 2026...
