Copyright 1986-2022 Xilinx, Inc. All Rights Reserved. Copyright 2022-2025 Advanced Micro Devices, Inc. All Rights Reserved.
---------------------------------------------------------------------------------------------------------------------------------------------
| Tool Version : Vivado v.2025.1 (win64) Build 6140274 Thu May 22 00:12:29 MDT 2025
| Date         : Thu Jul 16 21:28:04 2026
| Host         : MetStrix running 64-bit major release  (build 9200)
| Command      : report_drc -file top_module_FIFO_drc_opted.rpt -pb top_module_FIFO_drc_opted.pb -rpx top_module_FIFO_drc_opted.rpx
| Design       : top_module_FIFO
| Device       : xc7a200tsbg484-1
| Speed File   : -1
| Design State : Synthesized
---------------------------------------------------------------------------------------------------------------------------------------------

Report DRC

Table of Contents
-----------------
1. REPORT SUMMARY
2. REPORT DETAILS

1. REPORT SUMMARY
-----------------
            Netlist: netlist
          Floorplan: design_1
      Design limits: <entire design considered>
           Ruledeck: default
             Max checks: <unlimited>
             Checks found: 24
+-------------+------------------+-------------------------------------------------------------+--------+
| Rule        | Severity         | Description                                                 | Checks |
+-------------+------------------+-------------------------------------------------------------+--------+
| NSTD-1      | Critical Warning | Unspecified I/O Standard                                    | 1      |
| UCIO-1      | Critical Warning | Unconstrained Logical Port                                  | 1      |
| CHECK-3     | Warning          | Report rule limit reached                                   | 1      |
| PLHOLDVIO-2 | Warning          | Non-Optimal connections which could lead to hold violations | 1      |
| REQP-1840   | Warning          | RAMB18 async control check                                  | 20     |
+-------------+------------------+-------------------------------------------------------------+--------+

2. REPORT DETAILS
-----------------
NSTD-1#1 Critical Warning
Unspecified I/O Standard  
82 out of 100 logical ports use I/O standard (IOSTANDARD) value 'DEFAULT', instead of a user assigned specific value. This may cause I/O contention or incompatibility with the board power or connectivity affecting performance, signal integrity or in extreme cases cause damage to the device or the components to which it is connected. To correct this violation, specify all I/O standards. This design will fail to generate a bitstream unless all logical ports have a user specified I/O standard value defined. To allow bitstream creation with unspecified I/O standard values (not recommended), use this command: set_property SEVERITY {Warning} [get_drc_checks NSTD-1].  NOTE: When using the Vivado Runs infrastructure (e.g. launch_runs Tcl command), add this command to a .tcl file and add that file as a pre-hook for write_bitstream step for the implementation run. Problem ports: almost_rempty, almost_wfull, clk, raddr[7:0], rbtn_in, rbtn_out, rclk,
rdata[7:0], rempty, rpntr[8:0], rq2_wpntr[8:0], waddr[7:0], wdata[7:0],
wpntr[8:0], wq2_rpntr[8:0] (the first 15 of 22 listed).
Related violations: <none>

UCIO-1#1 Critical Warning
Unconstrained Logical Port  
82 out of 100 logical ports have no user assigned specific location constraint (LOC). This may cause I/O contention or incompatibility with the board power or connectivity affecting performance, signal integrity or in extreme cases cause damage to the device or the components to which it is connected. To correct this violation, specify all pin locations. This design will fail to generate a bitstream unless all logical ports have a user specified site LOC constraint defined.  To allow bitstream creation with unspecified pin locations (not recommended), use this command: set_property SEVERITY {Warning} [get_drc_checks UCIO-1].  NOTE: When using the Vivado Runs infrastructure (e.g. launch_runs Tcl command), add this command to a .tcl file and add that file as a pre-hook for write_bitstream step for the implementation run.  Problem ports: almost_rempty, almost_wfull, clk, raddr[7:0], rbtn_in, rbtn_out, rclk,
rdata[7:0], rempty, rpntr[8:0], rq2_wpntr[8:0], waddr[7:0], wdata[7:0],
wpntr[8:0], wq2_rpntr[8:0] (the first 15 of 22 listed).
Related violations: <none>

CHECK-3#1 Warning
Report rule limit reached  
REQP-1840 rule limit reached: 20 violations have been found.
Related violations: <none>

PLHOLDVIO-2#1 Warning
Non-Optimal connections which could lead to hold violations  
A LUT deb_write_inst/wbtn_out_OBUF_inst_i_1 is driving clock pin of 1 cells. This could lead to large hold time violations. Involved cells are:
fifo_fsm_inst/wbtn_en_reg
Related violations: <none>

REQP-1840#1 Warning
RAMB18 async control check  
The RAMB18E1 FIFO_memory_inst/ram_reg has an input control pin FIFO_memory_inst/ram_reg/ADDRARDADDR[10] (net: FIFO_memory_inst/waddr_reg[6]) which is driven by a register (FIFO_memory_inst/waddr_reg[6]) that has an active asychronous set or reset. This may cause corruption of the memory contents and/or read values when the set/reset is asserted and is not analyzed by the default static timing analysis. It is suggested to eliminate the use of a set/reset to registers driving this RAMB pin or else use a synchronous reset in which the assertion of the reset is timed by default.
Related violations: <none>

REQP-1840#2 Warning
RAMB18 async control check  
The RAMB18E1 FIFO_memory_inst/ram_reg has an input control pin FIFO_memory_inst/ram_reg/ADDRARDADDR[4] (net: FIFO_memory_inst/waddr_reg[0]) which is driven by a register (FIFO_memory_inst/waddr_reg[0]) that has an active asychronous set or reset. This may cause corruption of the memory contents and/or read values when the set/reset is asserted and is not analyzed by the default static timing analysis. It is suggested to eliminate the use of a set/reset to registers driving this RAMB pin or else use a synchronous reset in which the assertion of the reset is timed by default.
Related violations: <none>

REQP-1840#3 Warning
RAMB18 async control check  
The RAMB18E1 FIFO_memory_inst/ram_reg has an input control pin FIFO_memory_inst/ram_reg/ADDRARDADDR[5] (net: FIFO_memory_inst/waddr_reg[1]) which is driven by a register (FIFO_memory_inst/waddr_reg[1]) that has an active asychronous set or reset. This may cause corruption of the memory contents and/or read values when the set/reset is asserted and is not analyzed by the default static timing analysis. It is suggested to eliminate the use of a set/reset to registers driving this RAMB pin or else use a synchronous reset in which the assertion of the reset is timed by default.
Related violations: <none>

REQP-1840#4 Warning
RAMB18 async control check  
The RAMB18E1 FIFO_memory_inst/ram_reg has an input control pin FIFO_memory_inst/ram_reg/ADDRARDADDR[6] (net: FIFO_memory_inst/waddr_reg[2]) which is driven by a register (FIFO_memory_inst/waddr_reg[2]) that has an active asychronous set or reset. This may cause corruption of the memory contents and/or read values when the set/reset is asserted and is not analyzed by the default static timing analysis. It is suggested to eliminate the use of a set/reset to registers driving this RAMB pin or else use a synchronous reset in which the assertion of the reset is timed by default.
Related violations: <none>

REQP-1840#5 Warning
RAMB18 async control check  
The RAMB18E1 FIFO_memory_inst/ram_reg has an input control pin FIFO_memory_inst/ram_reg/ADDRARDADDR[7] (net: FIFO_memory_inst/waddr_reg[3]) which is driven by a register (FIFO_memory_inst/waddr_reg[3]) that has an active asychronous set or reset. This may cause corruption of the memory contents and/or read values when the set/reset is asserted and is not analyzed by the default static timing analysis. It is suggested to eliminate the use of a set/reset to registers driving this RAMB pin or else use a synchronous reset in which the assertion of the reset is timed by default.
Related violations: <none>

REQP-1840#6 Warning
RAMB18 async control check  
The RAMB18E1 FIFO_memory_inst/ram_reg has an input control pin FIFO_memory_inst/ram_reg/ADDRARDADDR[8] (net: FIFO_memory_inst/waddr_reg[4]) which is driven by a register (FIFO_memory_inst/waddr_reg[4]) that has an active asychronous set or reset. This may cause corruption of the memory contents and/or read values when the set/reset is asserted and is not analyzed by the default static timing analysis. It is suggested to eliminate the use of a set/reset to registers driving this RAMB pin or else use a synchronous reset in which the assertion of the reset is timed by default.
Related violations: <none>

REQP-1840#7 Warning
RAMB18 async control check  
The RAMB18E1 FIFO_memory_inst/ram_reg has an input control pin FIFO_memory_inst/ram_reg/ADDRARDADDR[9] (net: FIFO_memory_inst/waddr_reg[5]) which is driven by a register (FIFO_memory_inst/waddr_reg[5]) that has an active asychronous set or reset. This may cause corruption of the memory contents and/or read values when the set/reset is asserted and is not analyzed by the default static timing analysis. It is suggested to eliminate the use of a set/reset to registers driving this RAMB pin or else use a synchronous reset in which the assertion of the reset is timed by default.
Related violations: <none>

REQP-1840#8 Warning
RAMB18 async control check  
The RAMB18E1 FIFO_memory_inst/ram_reg has an input control pin FIFO_memory_inst/ram_reg/ADDRBWRADDR[10] (net: FIFO_memory_inst/raddr[6]) which is driven by a register (FIFO_memory_inst/raddr_reg[6]) that has an active asychronous set or reset. This may cause corruption of the memory contents and/or read values when the set/reset is asserted and is not analyzed by the default static timing analysis. It is suggested to eliminate the use of a set/reset to registers driving this RAMB pin or else use a synchronous reset in which the assertion of the reset is timed by default.
Related violations: <none>

REQP-1840#9 Warning
RAMB18 async control check  
The RAMB18E1 FIFO_memory_inst/ram_reg has an input control pin FIFO_memory_inst/ram_reg/ADDRBWRADDR[4] (net: FIFO_memory_inst/raddr[0]) which is driven by a register (FIFO_memory_inst/raddr_reg[0]) that has an active asychronous set or reset. This may cause corruption of the memory contents and/or read values when the set/reset is asserted and is not analyzed by the default static timing analysis. It is suggested to eliminate the use of a set/reset to registers driving this RAMB pin or else use a synchronous reset in which the assertion of the reset is timed by default.
Related violations: <none>

REQP-1840#10 Warning
RAMB18 async control check  
The RAMB18E1 FIFO_memory_inst/ram_reg has an input control pin FIFO_memory_inst/ram_reg/ADDRBWRADDR[5] (net: FIFO_memory_inst/raddr[1]) which is driven by a register (FIFO_memory_inst/raddr_reg[1]) that has an active asychronous set or reset. This may cause corruption of the memory contents and/or read values when the set/reset is asserted and is not analyzed by the default static timing analysis. It is suggested to eliminate the use of a set/reset to registers driving this RAMB pin or else use a synchronous reset in which the assertion of the reset is timed by default.
Related violations: <none>

REQP-1840#11 Warning
RAMB18 async control check  
The RAMB18E1 FIFO_memory_inst/ram_reg has an input control pin FIFO_memory_inst/ram_reg/ADDRBWRADDR[6] (net: FIFO_memory_inst/raddr[2]) which is driven by a register (FIFO_memory_inst/raddr_reg[2]) that has an active asychronous set or reset. This may cause corruption of the memory contents and/or read values when the set/reset is asserted and is not analyzed by the default static timing analysis. It is suggested to eliminate the use of a set/reset to registers driving this RAMB pin or else use a synchronous reset in which the assertion of the reset is timed by default.
Related violations: <none>

REQP-1840#12 Warning
RAMB18 async control check  
The RAMB18E1 FIFO_memory_inst/ram_reg has an input control pin FIFO_memory_inst/ram_reg/ADDRBWRADDR[7] (net: FIFO_memory_inst/raddr[3]) which is driven by a register (FIFO_memory_inst/raddr_reg[3]) that has an active asychronous set or reset. This may cause corruption of the memory contents and/or read values when the set/reset is asserted and is not analyzed by the default static timing analysis. It is suggested to eliminate the use of a set/reset to registers driving this RAMB pin or else use a synchronous reset in which the assertion of the reset is timed by default.
Related violations: <none>

REQP-1840#13 Warning
RAMB18 async control check  
The RAMB18E1 FIFO_memory_inst/ram_reg has an input control pin FIFO_memory_inst/ram_reg/ADDRBWRADDR[8] (net: FIFO_memory_inst/raddr[4]) which is driven by a register (FIFO_memory_inst/raddr_reg[4]) that has an active asychronous set or reset. This may cause corruption of the memory contents and/or read values when the set/reset is asserted and is not analyzed by the default static timing analysis. It is suggested to eliminate the use of a set/reset to registers driving this RAMB pin or else use a synchronous reset in which the assertion of the reset is timed by default.
Related violations: <none>

REQP-1840#14 Warning
RAMB18 async control check  
The RAMB18E1 FIFO_memory_inst/ram_reg has an input control pin FIFO_memory_inst/ram_reg/ADDRBWRADDR[9] (net: FIFO_memory_inst/raddr[5]) which is driven by a register (FIFO_memory_inst/raddr_reg[5]) that has an active asychronous set or reset. This may cause corruption of the memory contents and/or read values when the set/reset is asserted and is not analyzed by the default static timing analysis. It is suggested to eliminate the use of a set/reset to registers driving this RAMB pin or else use a synchronous reset in which the assertion of the reset is timed by default.
Related violations: <none>

REQP-1840#15 Warning
RAMB18 async control check  
The RAMB18E1 FIFO_memory_inst/ram_reg has an input control pin FIFO_memory_inst/ram_reg/ENARDEN (net: FIFO_memory_inst/E[0]) which is driven by a register (fifo_fsm_inst/winc_reg) that has an active asychronous set or reset. This may cause corruption of the memory contents and/or read values when the set/reset is asserted and is not analyzed by the default static timing analysis. It is suggested to eliminate the use of a set/reset to registers driving this RAMB pin or else use a synchronous reset in which the assertion of the reset is timed by default.
Related violations: <none>

REQP-1840#16 Warning
RAMB18 async control check  
The RAMB18E1 FIFO_memory_inst/ram_reg has an input control pin FIFO_memory_inst/ram_reg/ENARDEN (net: FIFO_memory_inst/E[0]) which is driven by a register (synchronizer_inst_r/pntr_out_i_reg[0]) that has an active asychronous set or reset. This may cause corruption of the memory contents and/or read values when the set/reset is asserted and is not analyzed by the default static timing analysis. It is suggested to eliminate the use of a set/reset to registers driving this RAMB pin or else use a synchronous reset in which the assertion of the reset is timed by default.
Related violations: <none>

REQP-1840#17 Warning
RAMB18 async control check  
The RAMB18E1 FIFO_memory_inst/ram_reg has an input control pin FIFO_memory_inst/ram_reg/ENARDEN (net: FIFO_memory_inst/E[0]) which is driven by a register (synchronizer_inst_r/pntr_out_i_reg[1]) that has an active asychronous set or reset. This may cause corruption of the memory contents and/or read values when the set/reset is asserted and is not analyzed by the default static timing analysis. It is suggested to eliminate the use of a set/reset to registers driving this RAMB pin or else use a synchronous reset in which the assertion of the reset is timed by default.
Related violations: <none>

REQP-1840#18 Warning
RAMB18 async control check  
The RAMB18E1 FIFO_memory_inst/ram_reg has an input control pin FIFO_memory_inst/ram_reg/ENARDEN (net: FIFO_memory_inst/E[0]) which is driven by a register (synchronizer_inst_r/pntr_out_i_reg[3]) that has an active asychronous set or reset. This may cause corruption of the memory contents and/or read values when the set/reset is asserted and is not analyzed by the default static timing analysis. It is suggested to eliminate the use of a set/reset to registers driving this RAMB pin or else use a synchronous reset in which the assertion of the reset is timed by default.
Related violations: <none>

REQP-1840#19 Warning
RAMB18 async control check  
The RAMB18E1 FIFO_memory_inst/ram_reg has an input control pin FIFO_memory_inst/ram_reg/ENARDEN (net: FIFO_memory_inst/E[0]) which is driven by a register (synchronizer_inst_r/pntr_out_i_reg[4]) that has an active asychronous set or reset. This may cause corruption of the memory contents and/or read values when the set/reset is asserted and is not analyzed by the default static timing analysis. It is suggested to eliminate the use of a set/reset to registers driving this RAMB pin or else use a synchronous reset in which the assertion of the reset is timed by default.
Related violations: <none>

REQP-1840#20 Warning
RAMB18 async control check  
The RAMB18E1 FIFO_memory_inst/ram_reg has an input control pin FIFO_memory_inst/ram_reg/ENARDEN (net: FIFO_memory_inst/E[0]) which is driven by a register (synchronizer_inst_r/pntr_out_i_reg[7]) that has an active asychronous set or reset. This may cause corruption of the memory contents and/or read values when the set/reset is asserted and is not analyzed by the default static timing analysis. It is suggested to eliminate the use of a set/reset to registers driving this RAMB pin or else use a synchronous reset in which the assertion of the reset is timed by default.
Related violations: <none>


